<?xml version="1.0" encoding="UTF-8" ?>
<testsuite tests="19" failures="0" name="cucumber.Options.TestRunner" time="0.007" errors="0" skipped="0">
  <properties>
[...]
</properties>
  <testcase classname="| Naveen | Kannada | Karnataka |" name="Given Add Place payload &quot;Naveen&quot; &quot;Kannada&quot; &quot;Karnataka&quot;" time="0.003"/>
  <testcase classname="| Naveen | Kannada | Karnataka |" name="When user calls &quot;AddPlaceAPI&quot; with &quot;POST&quot; http request" time="0"/>
  <testcase classname="| Naveen | Kannada | Karnataka |" name="Then the API call is successful with status code 200" time="0"/>
  <testcase classname="| Naveen | Kannada | Karnataka |" name="And &quot;status&quot; in response body is &quot;OK&quot;" time="0"/>
  <testcase classname="| Naveen | Kannada | Karnataka |" name="And &quot;scope&quot; in response body is &quot;APP&quot;" time="0"/>
  <testcase classname="| Naveen | Kannada | Karnataka |" name="And to verify place_Id created maps to &quot;Naveen&quot; using &quot;GetPlaceAPI&quot;" time="0.001"/>
  <testcase classname="| Naveen | Kannada | Karnataka |" name="| Naveen | Kannada | Karnataka |" time="0.001"/>
  <testcase classname="| Praveen | English | Honnavar |" name="Given Add Place payload &quot;Praveen&quot; &quot;English&quot; &quot;Honnavar&quot;" time="0"/>
  <testcase classname="| Praveen | English | Honnavar |" name="When user calls &quot;AddPlaceAPI&quot; with &quot;POST&quot; http request" time="0"/>
  <testcase classname="| Praveen | English | Honnavar |" name="Then the API call is successful with status code 200" time="0"/>
  <testcase classname="| Praveen | English | Honnavar |" name="And &quot;status&quot; in response body is &quot;OK&quot;" time="0"/>
  <testcase classname="| Praveen | English | Honnavar |" name="And &quot;scope&quot; in response body is &quot;APP&quot;" time="0"/>
  <testcase classname="| Praveen | English | Honnavar |" name="And to verify place_Id created maps to &quot;Praveen&quot; using &quot;GetPlaceAPI&quot;" time="0"/>
  <testcase classname="| Praveen | English | Honnavar |" name="| Praveen | English | Honnavar |" time="0.001"/>
  <testcase classname="Scenario: Verify if Delete Place API is working" name="Given DeletePlace payload" time="0"/>
  <testcase classname="Scenario: Verify if Delete Place API is working" name="When user calls &quot;DeletePlaceAPI&quot; with &quot;POST&quot; http request" time="0"/>
  <testcase classname="Scenario: Verify if Delete Place API is working" name="Then the API call is successful with status code 200" time="0.001"/>
  <testcase classname="Scenario: Verify if Delete Place API is working" name="And &quot;status&quot; in response body is &quot;OK&quot;" time="0"/>
  <testcase classname="Scenario: Verify if Delete Place API is working" name="Scenario: Verify if Delete Place API is working" time="0"/>
</testsuite>